\BOOKMARK [0][-]{chapter.1}{Relation to the Project}{}% 1
\BOOKMARK [0][-]{chapter.2}{Introduction}{}% 2
\BOOKMARK [1][-]{section.2.1}{Motivation}{chapter.2}% 3
\BOOKMARK [2][-]{subsection.2.1.1}{Changes in the Storage Landscape}{section.2.1}% 4
\BOOKMARK [2][-]{subsection.2.1.2}{Data Management Paradigm}{section.2.1}% 5
\BOOKMARK [1][-]{section.2.2}{Challenges for NWP/Climate}{chapter.2}% 6
\BOOKMARK [1][-]{section.2.3}{Outline}{chapter.2}% 7
\BOOKMARK [0][-]{chapter.3}{Earth System Data}{}% 8
\BOOKMARK [1][-]{section.3.1}{Data Generated by Simulations}{chapter.3}% 9
\BOOKMARK [2][-]{subsection.3.1.1}{Serialization of Grids}{section.3.1}% 10
\BOOKMARK [1][-]{section.3.2}{File formats}{chapter.3}% 11
\BOOKMARK [2][-]{subsection.3.2.1}{NetCDF4}{section.3.2}% 12
\BOOKMARK [2][-]{subsection.3.2.2}{Typical NetCDF Data Mapping}{section.3.2}% 13
\BOOKMARK [1][-]{section.3.3}{Typical Workflows}{chapter.3}% 14
\BOOKMARK [2][-]{subsection.3.3.1}{NWP}{section.3.3}% 15
\BOOKMARK [2][-]{subsection.3.3.2}{Characteristics of Workload Mix}{section.3.3}% 16
\BOOKMARK [2][-]{subsection.3.3.3}{Climate}{section.3.3}% 17
\BOOKMARK [1][-]{section.3.4}{Use cases from a data access perspective}{chapter.3}% 18
\BOOKMARK [0][-]{chapter.4}{Background and Related Work}{}% 19
\BOOKMARK [1][-]{section.4.1}{Exascale I/O}{chapter.4}% 20
\BOOKMARK [1][-]{section.4.2}{Data Description Frameworks}{chapter.4}% 21
\BOOKMARK [2][-]{subsection.4.2.1}{MPI}{section.4.2}% 22
\BOOKMARK [2][-]{subsection.4.2.2}{HDF5}{section.4.2}% 23
\BOOKMARK [2][-]{subsection.4.2.3}{NetCDF}{section.4.2}% 24
\BOOKMARK [2][-]{subsection.4.2.4}{GRIB}{section.4.2}% 25
\BOOKMARK [1][-]{section.4.3}{Big Data Storage}{chapter.4}% 26
\BOOKMARK [2][-]{subsection.4.3.1}{Hadoop File System}{section.4.3}% 27
\BOOKMARK [2][-]{subsection.4.3.2}{HBase}{section.4.3}% 28
\BOOKMARK [2][-]{subsection.4.3.3}{Hive}{section.4.3}% 29
\BOOKMARK [2][-]{subsection.4.3.4}{Drill}{section.4.3}% 30
\BOOKMARK [2][-]{subsection.4.3.5}{Alluxio}{section.4.3}% 31
\BOOKMARK [2][-]{subsection.4.3.6}{MongoDB}{section.4.3}% 32
\BOOKMARK [1][-]{section.4.4}{Community Specific Work: Climate / Weather}{chapter.4}% 33
\BOOKMARK [0][-]{chapter.5}{Design}{}% 34
\BOOKMARK [1][-]{section.5.1}{Requirements}{chapter.5}% 35
\BOOKMARK [2][-]{subsection.5.1.1}{Deployment Requirements}{section.5.1}% 36
\BOOKMARK [2][-]{subsection.5.1.2}{Functional Requirements}{section.5.1}% 37
\BOOKMARK [2][-]{subsection.5.1.3}{Access Control}{section.5.1}% 38
\BOOKMARK [2][-]{subsection.5.1.4}{Non-functional Requirements}{section.5.1}% 39
\BOOKMARK [1][-]{section.5.2}{Data Model}{chapter.5}% 40
\BOOKMARK [2][-]{subsection.5.2.1}{Identifying Resources}{section.5.2}% 41
\BOOKMARK [1][-]{section.5.3}{Implications for Developers and End-Users}{chapter.5}% 42
\BOOKMARK [2][-]{subsection.5.3.1}{MPI Parallel Applications}{section.5.3}% 43
\BOOKMARK [2][-]{subsection.5.3.2}{Implementing Workflows via Virtual Containers}{section.5.3}% 44
\BOOKMARK [2][-]{subsection.5.3.3}{POSIX Tools}{section.5.3}% 45
\BOOKMARK [2][-]{subsection.5.3.4}{Next Generation Applications}{section.5.3}% 46
\BOOKMARK [2][-]{subsection.5.3.5}{Data Services}{section.5.3}% 47
\BOOKMARK [0][-]{chapter.6}{Architecture Description}{}% 48
\BOOKMARK [1][-]{section.6.1}{Logical View}{chapter.6}% 49
\BOOKMARK [2][-]{subsection.6.1.1}{Interface}{section.6.1}% 50
\BOOKMARK [2][-]{subsection.6.1.2}{Datatype Component}{section.6.1}% 51
\BOOKMARK [2][-]{subsection.6.1.3}{Layout Component}{section.6.1}% 52
\BOOKMARK [2][-]{subsection.6.1.4}{Data/Metadata Backend Drivers}{section.6.1}% 53
\BOOKMARK [2][-]{subsection.6.1.5}{Services}{section.6.1}% 54
\BOOKMARK [2][-]{subsection.6.1.6}{Import/Export of Data}{section.6.1}% 55
\BOOKMARK [1][-]{section.6.2}{Process View}{chapter.6}% 56
\BOOKMARK [2][-]{subsection.6.2.1}{Services}{section.6.2}% 57
\BOOKMARK [1][-]{section.6.3}{Physical View}{chapter.6}% 58
\BOOKMARK [2][-]{subsection.6.3.1}{Deployment on DKRZ}{section.6.3}% 59
\BOOKMARK [2][-]{subsection.6.3.2}{Deployment on STFC}{section.6.3}% 60
\BOOKMARK [2][-]{subsection.6.3.3}{Deployment on CMCC}{section.6.3}% 61
\BOOKMARK [1][-]{section.6.4}{Development View}{chapter.6}% 62
\BOOKMARK [0][-]{chapter.7}{Summary and Conclusions}{}% 63
