\BOOKMARK [0][-]{chapter.1}{Introduction}{}% 1
\BOOKMARK [1][-]{section.1.1}{General Objectives}{chapter.1}% 2
\BOOKMARK [2][-]{subsection.1.1.1}{Challenges and Goals}{section.1.1}% 3
\BOOKMARK [1][-]{section.1.2}{Architecture Philosophy and Methodology}{chapter.1}% 4
\BOOKMARK [1][-]{section.1.3}{Document Structure}{chapter.1}% 5
\BOOKMARK [0][-]{chapter.2}{Background}{}% 6
\BOOKMARK [1][-]{section.2.1}{Data Generated by Simulations}{chapter.2}% 7
\BOOKMARK [2][-]{subsection.2.1.1}{Serialisation of Grids}{section.2.1}% 8
\BOOKMARK [1][-]{section.2.2}{File formats}{chapter.2}% 9
\BOOKMARK [2][-]{subsection.2.2.1}{NetCDF4}{section.2.2}% 10
\BOOKMARK [2][-]{subsection.2.2.2}{Typical NetCDF Data Mapping}{section.2.2}% 11
\BOOKMARK [1][-]{section.2.3}{Data Description Frameworks}{chapter.2}% 12
\BOOKMARK [2][-]{subsection.2.3.1}{MPI}{section.2.3}% 13
\BOOKMARK [2][-]{subsection.2.3.2}{HDF5}{section.2.3}% 14
\BOOKMARK [2][-]{subsection.2.3.3}{NetCDF}{section.2.3}% 15
\BOOKMARK [2][-]{subsection.2.3.4}{GRIB}{section.2.3}% 16
\BOOKMARK [1][-]{section.2.4}{Storage Systems}{chapter.2}% 17
\BOOKMARK [2][-]{subsection.2.4.1}{WOS}{section.2.4}% 18
\BOOKMARK [2][-]{subsection.2.4.2}{Mero}{section.2.4}% 19
\BOOKMARK [2][-]{subsection.2.4.3}{Ophidia}{section.2.4}% 20
\BOOKMARK [1][-]{section.2.5}{Big Data Concepts}{chapter.2}% 21
\BOOKMARK [2][-]{subsection.2.5.1}{Ophidia Big Data Analytics Framework}{section.2.5}% 22
\BOOKMARK [2][-]{subsection.2.5.2}{MongoDB}{section.2.5}% 23
\BOOKMARK [0][-]{chapter.3}{Requirements}{}% 24
\BOOKMARK [1][-]{section.3.1}{Functional Requirements}{chapter.3}% 25
\BOOKMARK [1][-]{section.3.2}{Non-Functional Requirements}{chapter.3}% 26
\BOOKMARK [0][-]{chapter.4}{Use-Cases}{}% 27
\BOOKMARK [1][-]{section.4.1}{Climate and Weather Workloads}{chapter.4}% 28
\BOOKMARK [1][-]{section.4.2}{Roles and Human Actors}{chapter.4}% 29
\BOOKMARK [2][-]{subsection.4.2.1}{Credentials and Permissions of Actors for Data Access}{section.4.2}% 30
\BOOKMARK [1][-]{section.4.3}{Systems}{chapter.4}% 31
\BOOKMARK [2][-]{subsection.4.3.1}{System: Supercomputer}{section.4.3}% 32
\BOOKMARK [2][-]{subsection.4.3.2}{System: Storage System}{section.4.3}% 33
\BOOKMARK [2][-]{subsection.4.3.3}{System: Application}{section.4.3}% 34
\BOOKMARK [2][-]{subsection.4.3.4}{System: Software Library \(Data Description\)}{section.4.3}% 35
\BOOKMARK [2][-]{subsection.4.3.5}{System: ESDM}{section.4.3}% 36
\BOOKMARK [2][-]{subsection.4.3.6}{System: Job Scheduler}{section.4.3}% 37
\BOOKMARK [1][-]{section.4.4}{Use Cases}{chapter.4}% 38
\BOOKMARK [2][-]{subsection.4.4.1}{UC: Independent Write}{section.4.4}% 39
\BOOKMARK [2][-]{subsection.4.4.2}{UC: Independent Read}{section.4.4}% 40
\BOOKMARK [2][-]{subsection.4.4.3}{UC: Simulation}{section.4.4}% 41
\BOOKMARK [2][-]{subsection.4.4.4}{UC: Pre/Post Processing on a existing Data}{section.4.4}% 42
\BOOKMARK [2][-]{subsection.4.4.5}{UC: Concurrent Simulation and Post-Processing for Pipelines/Workflows}{section.4.4}% 43
\BOOKMARK [2][-]{subsection.4.4.6}{UC: Simulation + In situ post processing}{section.4.4}% 44
\BOOKMARK [2][-]{subsection.4.4.7}{UC: Simulation + In situ + Interactive Visualisation}{section.4.4}% 45
\BOOKMARK [2][-]{subsection.4.4.8}{UC: Simulation + Big Data Analysis + In situ analysis/visualisation}{section.4.4}% 46
\BOOKMARK [0][-]{chapter.5}{Architecture: Viewpoints}{}% 47
\BOOKMARK [1][-]{section.5.1}{Logical View: Component Overview}{chapter.5}% 48
\BOOKMARK [1][-]{section.5.2}{Logical View: Data Model}{chapter.5}% 49
\BOOKMARK [2][-]{subsection.5.2.1}{Conceptual Data Model}{section.5.2}% 50
\BOOKMARK [2][-]{subsection.5.2.2}{Logical Data Model}{section.5.2}% 51
\BOOKMARK [2][-]{subsection.5.2.3}{Relationships between the Conceptual and Logical Data Model}{section.5.2}% 52
\BOOKMARK [2][-]{subsection.5.2.4}{Data types}{section.5.2}% 53
\BOOKMARK [1][-]{section.5.3}{Operations and Semantics}{chapter.5}% 54
\BOOKMARK [2][-]{subsection.5.3.1}{Epoch Semantics}{section.5.3}% 55
\BOOKMARK [2][-]{subsection.5.3.2}{Notifications}{section.5.3}% 56
\BOOKMARK [1][-]{section.5.4}{Physical view}{chapter.5}% 57
\BOOKMARK [1][-]{section.5.5}{Process view}{chapter.5}% 58
\BOOKMARK [1][-]{section.5.6}{Requirements-Matrix}{chapter.5}% 59
\BOOKMARK [0][-]{chapter.6}{Architecture: Components and Backends}{}% 60
\BOOKMARK [1][-]{section.6.1}{Scheduling Component}{chapter.6}% 61
\BOOKMARK [2][-]{subsection.6.1.1}{Logical View}{section.6.1}% 62
\BOOKMARK [2][-]{subsection.6.1.2}{Process View}{section.6.1}% 63
\BOOKMARK [2][-]{subsection.6.1.3}{Physical View}{section.6.1}% 64
\BOOKMARK [1][-]{section.6.2}{Layout Component}{chapter.6}% 65
\BOOKMARK [2][-]{subsection.6.2.1}{Logical View}{section.6.2}% 66
\BOOKMARK [2][-]{subsection.6.2.2}{Process View}{section.6.2}% 67
\BOOKMARK [2][-]{subsection.6.2.3}{Physical View}{section.6.2}% 68
\BOOKMARK [1][-]{section.6.3}{HDF5+MPI plugin}{chapter.6}% 69
\BOOKMARK [2][-]{subsection.6.3.1}{Logical View}{section.6.3}% 70
\BOOKMARK [2][-]{subsection.6.3.2}{Physical View}{section.6.3}% 71
\BOOKMARK [2][-]{subsection.6.3.3}{Process View}{section.6.3}% 72
\BOOKMARK [1][-]{section.6.4}{Fuse Legacy + Metadata Mapped Views}{chapter.6}% 73
\BOOKMARK [2][-]{subsection.6.4.1}{Logical View}{section.6.4}% 74
\BOOKMARK [2][-]{subsection.6.4.2}{Development View}{section.6.4}% 75
\BOOKMARK [2][-]{subsection.6.4.3}{Process View}{section.6.4}% 76
\BOOKMARK [2][-]{subsection.6.4.4}{Physical View}{section.6.4}% 77
\BOOKMARK [1][-]{section.6.5}{Backend POSIX/Lustre \(Using ESDM\)}{chapter.6}% 78
\BOOKMARK [2][-]{subsection.6.5.1}{Logical View}{section.6.5}% 79
\BOOKMARK [2][-]{subsection.6.5.2}{Process View}{section.6.5}% 80
\BOOKMARK [2][-]{subsection.6.5.3}{Physical View}{section.6.5}% 81
\BOOKMARK [1][-]{section.6.6}{Mongo DB Metadata backend}{chapter.6}% 82
\BOOKMARK [2][-]{subsection.6.6.1}{Logical View}{section.6.6}% 83
\BOOKMARK [2][-]{subsection.6.6.2}{Mapping of metadata}{section.6.6}% 84
\BOOKMARK [2][-]{subsection.6.6.3}{Example}{section.6.6}% 85
\BOOKMARK [2][-]{subsection.6.6.4}{Physical View}{section.6.6}% 86
\BOOKMARK [2][-]{subsection.6.6.5}{Process View}{section.6.6}% 87
\BOOKMARK [1][-]{section.6.7}{Mero Backend}{chapter.6}% 88
\BOOKMARK [2][-]{subsection.6.7.1}{Logical View}{section.6.7}% 89
\BOOKMARK [2][-]{subsection.6.7.2}{Process View}{section.6.7}% 90
\BOOKMARK [2][-]{subsection.6.7.3}{Development View}{section.6.7}% 91
\BOOKMARK [2][-]{subsection.6.7.4}{Physical View}{section.6.7}% 92
\BOOKMARK [1][-]{section.6.8}{WOS Backend}{chapter.6}% 93
\BOOKMARK [2][-]{subsection.6.8.1}{Logical View}{section.6.8}% 94
\BOOKMARK [2][-]{subsection.6.8.2}{Process View}{section.6.8}% 95
\BOOKMARK [2][-]{subsection.6.8.3}{Development View}{section.6.8}% 96
\BOOKMARK [2][-]{subsection.6.8.4}{Physical View}{section.6.8}% 97
\BOOKMARK [0][-]{chapter.7}{Summary}{}% 98
\BOOKMARK [0][-]{appendix.A}{Templates}{}% 99
\BOOKMARK [1][-]{subsection.A.0.1}{System: Template}{appendix.A}% 100
\BOOKMARK [1][-]{section.A.1}{Use Cases}{appendix.A}% 101
\BOOKMARK [2][-]{subsection.A.1.1}{UC: Template}{section.A.1}% 102
